app/build/outputs/logs/manifest-merger-debug-report.txt
-- Merging decision tree log ---
manifest
ADDED from src/main/AndroidManifest.xml:2:1-118:12
INJECTED from src/main/AndroidManifest.xml:2:1-118:12
INJECTED from src/main/AndroidManifest.xml:2:1-118:12
INJECTED from src/main/AndroidManifest.xml:2:1-118:12
MERGED from [com.android.support:design:28.0.0] AndroidManifest.xml:17:1-24:12
MERGED from [com.evrencoskun.library:tableview:0.8.5.1] AndroidManifest.xml:2:1-17:12
MERGED from [ai.devsupport.instamojo:instamojolib:0.1.6] AndroidManifest.xml:2:1-18:12
MERGED from [com.instamojo:android-sdk:1.2.6] AndroidManifest.xml:2:1-36:12
MERGED from [com.rengwuxian.materialedittext:library:2.1.4] AndroidManifest.xml:2:1-10:12
MERGED from [in.juspay:godel:0.6.18.1423] AndroidManifest.xml:2:1-15:12
MERGED from [in.juspay:godel-osd:0.6.14] AndroidManifest.xml:2:1-11:12
MERGED from [com.android.support:appcompat-v7:28.0.0] AndroidManifest.xml:17:1-22:12
MERGED from [com.android.support.constraint:constraint-layout:1.1.3] AndroidManifest.xml:2:1-11:12
MERGED from [com.google.firebase:firebase-messaging:17.3.4] AndroidManifest.xml:17:1-37:12
MERGED from [com.google.firebase:firebase-core:16.0.6] AndroidManifest.xml:2:1-9:12
MERGED from [com.google.firebase:firebase-measurement-connector-impl:17.0.4] AndroidManifest.xml:17:1-34:12
MERGED from [com.google.firebase:firebase-analytics:16.0.6] AndroidManifest.xml:17:1-55:12
MERGED from [com.google.android.gms:play-services-measurement-api:16.0.4] AndroidManifest.xml:17:1-25:12
MERGED from [com.google.firebase:firebase-analytics-impl:16.2.4] AndroidManifest.xml:17:1-40:12
MERGED from [com.google.firebase:firebase-iid:17.0.4] AndroidManifest.xml:17:1-59:12
MERGED from [com.google.firebase:firebase-common:16.0.3] AndroidManifest.xml:2:1-17:12
MERGED from [com.google.firebase:firebase-iid-interop:16.0.1] AndroidManifest.xml:2:1-10:12
MERGED from [com.google.android.gms:play-services-base:16.0.1] AndroidManifest.xml:17:1-29:12
MERGED from [com.google.android.gms:play-services-tasks:16.0.1] AndroidManifest.xml:2:1-9:12
MERGED from [com.google.firebase:firebase-measurement-connector:17.0.1] AndroidManifest.xml:17:1-25:12
MERGED from [com.google.android.gms:play-services-stats:16.0.1] AndroidManifest.xml:2:1-9:12
MERGED from [com.google.android.gms:play-services-measurement-base:16.0.5] AndroidManifest.xml:2:1-9:12
MERGED from [com.google.android.gms:play-services-ads-identifier:16.0.0] AndroidManifest.xml:17:1-24:12
MERGED from [com.google.android.gms:play-services-basement:16.0.1] AndroidManifest.xml:17:1-28:12
MERGED from [com.android.support:support-v4:28.0.0] AndroidManifest.xml:17:1-22:12
MERGED from [com.squareup.picasso:picasso:2.71828] AndroidManifest.xml:2:1-14:12
MERGED from [com.android.support:recyclerview-v7:28.0.0] AndroidManifest.xml:17:1-22:12
MERGED from [com.android.support:cardview-v7:28.0.0] AndroidManifest.xml:17:1-22:12
MERGED from [com.github.bumptech.glide:glide:4.8.0] AndroidManifest.xml:2:1-12:12
MERGED from [me.gujun.android.taggroup:library:1.4] AndroidManifest.xml:2:1-10:12
MERGED from [com.android.support:support-fragment:28.0.0] AndroidManifest.xml:17:1-22:12
MERGED from [com.android.support:animated-vector-drawable:28.0.0] AndroidManifest.xml:17:1-22:12
MERGED from [com.android.support:support-core-ui:28.0.0] AndroidManifest.xml:17:1-22:12
MERGED from [com.android.support:support-core-utils:28.0.0] AndroidManifest.xml:17:1-22:12
MERGED from [com.android.support:support-vector-drawable:28.0.0] AndroidManifest.xml:17:1-22:12
MERGED from [com.android.support:transition:28.0.0] AndroidManifest.xml:17:1-22:12
MERGED from [com.android.support:support-media-compat:28.0.0] AndroidManifest.xml:17:1-22:12
MERGED from [com.android.support:loader:28.0.0] AndroidManifest.xml:17:1-22:12
MERGED from [com.android.support:viewpager:28.0.0] AndroidManifest.xml:17:1-22:12
MERGED from [com.android.support:coordinatorlayout:28.0.0] AndroidManifest.xml:17:1-22:12
MERGED from [com.android.support:drawerlayout:28.0.0] AndroidManifest.xml:17:1-22:12
MERGED from [com.android.support:slidingpanelayout:28.0.0] AndroidManifest.xml:17:1-22:12
MERGED from [com.android.support:customview:28.0.0] AndroidManifest.xml:17:1-22:12
MERGED from [com.android.support:swiperefreshlayout:28.0.0] AndroidManifest.xml:17:1-22:12
MERGED from [com.android.support:asynclayoutinflater:28.0.0] AndroidManifest.xml:17:1-22:12
MERGED from [com.android.support:support-compat:28.0.0] AndroidManifest.xml:17:1-24:12
MERGED from [com.android.support:versionedparcelable:28.0.0] AndroidManifest.xml:17:1-25:12
MERGED from [com.android.support:cursoradapter:28.0.0] AndroidManifest.xml:17:1-22:12
MERGED from [com.github.bumptech.glide:gifdecoder:4.8.0] AndroidManifest.xml:2:1-11:12
MERGED from [com.android.support:exifinterface:27.1.0] AndroidManifest.xml:17:1-22:12
MERGED from [android.arch.lifecycle:runtime:1.1.1] AndroidManifest.xml:17:1-22:12
MERGED from [com.android.support:documentfile:28.0.0] AndroidManifest.xml:17:1-22:12
MERGED from [com.android.support:localbroadcastmanager:28.0.0] AndroidManifest.xml:17:1-22:12
MERGED from [com.android.support:print:28.0.0] AndroidManifest.xml:17:1-22:12
MERGED from [android.arch.lifecycle:viewmodel:1.1.1] AndroidManifest.xml:17:1-22:12
MERGED from [com.android.support:interpolator:28.0.0] AndroidManifest.xml:17:1-22:12
MERGED from [android.arch.lifecycle:livedata:1.1.1] AndroidManifest.xml:17:1-22:12
MERGED from [android.arch.lifecycle:livedata-core:1.1.1] AndroidManifest.xml:17:1-22:12
MERGED from [android.arch.core:runtime:1.1.1] AndroidManifest.xml:17:1-22:12
INJECTED from src/main/AndroidManifest.xml:2:1-118:12
INJECTED from src/main/AndroidManifest.xml:2:1-118:12
INJECTED from src/main/AndroidManifest.xml:2:1-118:12
	package
		ADDED from src/main/AndroidManifest.xml:3:5-41
		INJECTED from src/main/AndroidManifest.xml
		INJECTED from src/main/AndroidManifest.xml
	android:versionName
		INJECTED from src/main/AndroidManifest.xml
		ADDED from src/main/AndroidManifest.xml:2:1-118:12
		INJECTED from src/main/AndroidManifest.xml
	android:versionCode
		INJECTED from src/main/AndroidManifest.xml
		ADDED from src/main/AndroidManifest.xml:2:1-118:12
		INJECTED from src/main/AndroidManifest.xml
	xmlns:android
		ADDED from src/main/AndroidManifest.xml:2:11-69
uses-permission#android.permission.INTERNET
ADDED from src/main/AndroidManifest.xml:5:5-67
MERGED from [com.google.firebase:firebase-measurement-connector-impl:17.0.4] AndroidManifest.xml:22:5-67
MERGED from [com.google.firebase:firebase-measurement-connector-impl:17.0.4] AndroidManifest.xml:22:5-67
MERGED from [com.google.firebase:firebase-analytics:16.0.6] AndroidManifest.xml:23:5-67
MERGED from [com.google.firebase:firebase-analytics:16.0.6] AndroidManifest.xml:23:5-67
MERGED from [com.google.firebase:firebase-analytics-impl:16.2.4] AndroidManifest.xml:23:5-67
MERGED from [com.google.firebase:firebase-analytics-impl:16.2.4] AndroidManifest.xml:23:5-67
MERGED from [com.google.firebase:firebase-iid:17.0.4] AndroidManifest.xml:23:5-67
MERGED from [com.google.firebase:firebase-iid:17.0.4] AndroidManifest.xml:23:5-67
	android:name
		ADDED from src/main/AndroidManifest.xml:5:22-64
uses-permission#android.permission.ACCESS_NETWORK_STATE
ADDED from src/main/AndroidManifest.xml:6:5-79
MERGED from [com.google.firebase:firebase-measurement-connector-impl:17.0.4] AndroidManifest.xml:23:5-79
MERGED from [com.google.firebase:firebase-measurement-connector-impl:17.0.4] AndroidManifest.xml:23:5-79
MERGED from [com.google.firebase:firebase-analytics:16.0.6] AndroidManifest.xml:24:5-79
MERGED from [com.google.firebase:firebase-analytics:16.0.6] AndroidManifest.xml:24:5-79
MERGED from [com.google.firebase:firebase-analytics-impl:16.2.4] AndroidManifest.xml:24:5-79
MERGED from [com.google.firebase:firebase-analytics-impl:16.2.4] AndroidManifest.xml:24:5-79
MERGED from [com.google.firebase:firebase-iid:17.0.4] AndroidManifest.xml:22:5-79
MERGED from [com.google.firebase:firebase-iid:17.0.4] AndroidManifest.xml:22:5-79
	android:name
		ADDED from src/main/AndroidManifest.xml:6:22-76
uses-permission-sdk-23#android.permission.RECEIVE_SMS
ADDED from src/main/AndroidManifest.xml:8:5-77
	android:name
		ADDED from src/main/AndroidManifest.xml:8:29-74
uses-permission-sdk-23#android.permission.READ_SMS
ADDED from src/main/AndroidManifest.xml:9:5-74
	android:name
		ADDED from src/main/AndroidManifest.xml:9:29-71
uses-permission-sdk-23#android.permission.READ_PHONE_STATE
ADDED from src/main/AndroidManifest.xml:10:5-82
	android:name
		ADDED from src/main/AndroidManifest.xml:10:29-79
uses-permission#android.permission.RECEIVE_SMS
ADDED from src/main/AndroidManifest.xml:12:5-70
	android:name
		ADDED from src/main/AndroidManifest.xml:12:22-67
uses-permission#android.permission.READ_SMS
ADDED from src/main/AndroidManifest.xml:13:5-67
	android:name
		ADDED from src/main/AndroidManifest.xml:13:22-64
uses-permission#android.permission.READ_PHONE_STATE
ADDED from src/main/AndroidManifest.xml:14:5-75
	android:name
		ADDED from src/main/AndroidManifest.xml:14:22-72
application
ADDED from src/main/AndroidManifest.xml:16:5-116:19
MERGED from [com.android.support:design:28.0.0] AndroidManifest.xml:22:5-20
MERGED from [com.android.support:design:28.0.0] AndroidManifest.xml:22:5-20
MERGED from [com.evrencoskun.library:tableview:0.8.5.1] AndroidManifest.xml:11:5-15:19
MERGED from [com.evrencoskun.library:tableview:0.8.5.1] AndroidManifest.xml:11:5-15:19
MERGED from [ai.devsupport.instamojo:instamojolib:0.1.6] AndroidManifest.xml:11:5-16:19
MERGED from [ai.devsupport.instamojo:instamojolib:0.1.6] AndroidManifest.xml:11:5-16:19
MERGED from [com.instamojo:android-sdk:1.2.6] AndroidManifest.xml:11:5-34:19
MERGED from [com.instamojo:android-sdk:1.2.6] AndroidManifest.xml:11:5-34:19
MERGED from [in.juspay:godel:0.6.18.1423] AndroidManifest.xml:12:5-13:19
MERGED from [in.juspay:godel:0.6.18.1423] AndroidManifest.xml:12:5-13:19
MERGED from [in.juspay:godel-osd:0.6.14] AndroidManifest.xml:9:5-20
MERGED from [in.juspay:godel-osd:0.6.14] AndroidManifest.xml:9:5-20
MERGED from [com.android.support.constraint:constraint-layout:1.1.3] AndroidManifest.xml:9:5-20
MERGED from [com.android.support.constraint:constraint-layout:1.1.3] AndroidManifest.xml:9:5-20
MERGED from [com.google.firebase:firebase-messaging:17.3.4] AndroidManifest.xml:22:5-35:19
MERGED from [com.google.firebase:firebase-messaging:17.3.4] AndroidManifest.xml:22:5-35:19
MERGED from [com.google.firebase:firebase-core:16.0.6] AndroidManifest.xml:7:5-20
MERGED from [com.google.firebase:firebase-core:16.0.6] AndroidManifest.xml:7:5-20
MERGED from [com.google.firebase:firebase-measurement-connector-impl:17.0.4] AndroidManifest.xml:26:5-32:19
MERGED from [com.google.firebase:firebase-measurement-connector-impl:17.0.4] AndroidManifest.xml:26:5-32:19
MERGED from [com.google.firebase:firebase-analytics:16.0.6] AndroidManifest.xml:28:5-53:19
MERGED from [com.google.firebase:firebase-analytics:16.0.6] AndroidManifest.xml:28:5-53:19
MERGED from [com.google.android.gms:play-services-measurement-api:16.0.4] AndroidManifest.xml:22:5-23:19
MERGED from [com.google.android.gms:play-services-measurement-api:16.0.4] AndroidManifest.xml:22:5-23:19
MERGED from [com.google.firebase:firebase-analytics-impl:16.2.4] AndroidManifest.xml:28:5-38:19
MERGED from [com.google.firebase:firebase-analytics-impl:16.2.4] AndroidManifest.xml:28:5-38:19
MERGED from [com.google.firebase:firebase-iid:17.0.4] AndroidManifest.xml:28:5-57:19
MERGED from [com.google.firebase:firebase-iid:17.0.4] AndroidManifest.xml:28:5-57:19
MERGED from [com.google.firebase:firebase-common:16.0.3] AndroidManifest.xml:9:5-15:19
MERGED from [com.google.firebase:firebase-common:16.0.3] AndroidManifest.xml:9:5-15:19
MERGED from [com.google.firebase:firebase-iid-interop:16.0.1] AndroidManifest.xml:7:5-8:19
MERGED from [com.google.firebase:firebase-iid-interop:16.0.1] AndroidManifest.xml:7:5-8:19
MERGED from [com.google.android.gms:play-services-base:16.0.1] AndroidManifest.xml:22:5-27:19
MERGED from [com.google.android.gms:play-services-base:16.0.1] AndroidManifest.xml:22:5-27:19
MERGED from [com.google.android.gms:play-services-tasks:16.0.1] AndroidManifest.xml:7:5-20
MERGED from [com.google.android.gms:play-services-tasks:16.0.1] AndroidManifest.xml:7:5-20
MERGED from [com.google.firebase:firebase-measurement-connector:17.0.1] AndroidManifest.xml:22:5-23:19
MERGED from [com.google.firebase:firebase-measurement-connector:17.0.1] AndroidManifest.xml:22:5-23:19
MERGED from [com.google.android.gms:play-services-stats:16.0.1] AndroidManifest.xml:7:5-20
MERGED from [com.google.android.gms:play-services-stats:16.0.1] AndroidManifest.xml:7:5-20
MERGED from [com.google.android.gms:play-services-measurement-base:16.0.5] AndroidManifest.xml:7:5-20
MERGED from [com.google.android.gms:play-services-measurement-base:16.0.5] AndroidManifest.xml:7:5-20
MERGED from [com.google.android.gms:play-services-ads-identifier:16.0.0] AndroidManifest.xml:22:5-20
MERGED from [com.google.android.gms:play-services-ads-identifier:16.0.0] AndroidManifest.xml:22:5-20
MERGED from [com.google.android.gms:play-services-basement:16.0.1] AndroidManifest.xml:22:5-26:19
MERGED from [com.google.android.gms:play-services-basement:16.0.1] AndroidManifest.xml:22:5-26:19
MERGED from [com.squareup.picasso:picasso:2.71828] AndroidManifest.xml:7:5-12:19
MERGED from [com.squareup.picasso:picasso:2.71828] AndroidManifest.xml:7:5-12:19
MERGED from [com.github.bumptech.glide:glide:4.8.0] AndroidManifest.xml:10:5-20
MERGED from [com.github.bumptech.glide:glide:4.8.0] AndroidManifest.xml:10:5-20
MERGED from [com.android.support:support-compat:28.0.0] AndroidManifest.xml:22:5-94
MERGED from [com.android.support:support-compat:28.0.0] AndroidManifest.xml:22:5-94
MERGED from [com.android.support:versionedparcelable:28.0.0] AndroidManifest.xml:22:5-23:19
MERGED from [com.android.support:versionedparcelable:28.0.0] AndroidManifest.xml:22:5-23:19
MERGED from [com.github.bumptech.glide:gifdecoder:4.8.0] AndroidManifest.xml:9:5-20
MERGED from [com.github.bumptech.glide:gifdecoder:4.8.0] AndroidManifest.xml:9:5-20
	android:appComponentFactory
		ADDED from [com.android.support:support-compat:28.0.0] AndroidManifest.xml:22:18-91
	android:supportsRtl
		ADDED from src/main/AndroidManifest.xml:21:9-35
	android:label
		ADDED from src/main/AndroidManifest.xml:19:9-41
	android:roundIcon
		ADDED from src/main/AndroidManifest.xml:20:9-54
	android:icon
		ADDED from src/main/AndroidManifest.xml:18:9-43
	android:allowBackup
		ADDED from src/main/AndroidManifest.xml:17:9-35
	android:theme
		ADDED from src/main/AndroidManifest.xml:22:9-40
activity#com.gmail.hyd.laexcellence.Pages.AnalysisActivity
ADDED from src/main/AndroidManifest.xml:23:9-69
	android:name
		ADDED from src/main/AndroidManifest.xml:23:19-57
activity#com.gmail.hyd.laexcellence.Pages.CreateNewExamActivity
ADDED from src/main/AndroidManifest.xml:24:9-65
	android:name
		ADDED from src/main/AndroidManifest.xml:24:19-62
activity#com.gmail.hyd.laexcellence.Pages.TestWriteActivity
ADDED from src/main/AndroidManifest.xml:25:9-61
	android:name
		ADDED from src/main/AndroidManifest.xml:25:19-58
activity#com.gmail.hyd.laexcellence.Pages.TestPreviewActivity
ADDED from src/main/AndroidManifest.xml:26:9-63
	android:name
		ADDED from src/main/AndroidManifest.xml:26:19-60
activity#com.gmail.hyd.laexcellence.Pages.QuestionBankActivity
ADDED from src/main/AndroidManifest.xml:27:9-64
	android:name
		ADDED from src/main/AndroidManifest.xml:27:19-61
service#com.gmail.hyd.laexcellence.MyFirebaseMessagingService
ADDED from src/main/AndroidManifest.xml:29:9-33:19
	android:name
		ADDED from src/main/AndroidManifest.xml:29:18-60
intent-filter#action:name:com.google.firebase.MESSAGING_EVENT
ADDED from src/main/AndroidManifest.xml:30:13-32:29
action#com.google.firebase.MESSAGING_EVENT
ADDED from src/main/AndroidManifest.xml:31:17-78
	android:name
		ADDED from src/main/AndroidManifest.xml:31:25-75
activity#com.gmail.hyd.laexcellence.Pages.MainActivity
ADDED from src/main/AndroidManifest.xml:35:9-41:20
	android:name
		ADDED from src/main/AndroidManifest.xml:35:19-53
intent-filter#action:name:android.intent.action.MAIN+category:name:android.intent.category.LAUNCHER
ADDED from src/main/AndroidManifest.xml:36:13-40:29
action#android.intent.action.MAIN
ADDED from src/main/AndroidManifest.xml:37:17-69
	android:name
		ADDED from src/main/AndroidManifest.xml:37:25-66
category#android.intent.category.LAUNCHER
ADDED from src/main/AndroidManifest.xml:39:17-77
	android:name
		ADDED from src/main/AndroidManifest.xml:39:27-74
activity#com.gmail.hyd.laexcellence.Pages.TestList
ADDED from src/main/AndroidManifest.xml:42:9-45:52
	android:screenOrientation
		ADDED from src/main/AndroidManifest.xml:45:13-49
	android:configChanges
		ADDED from src/main/AndroidManifest.xml:44:13-48
	android:name
		ADDED from src/main/AndroidManifest.xml:43:13-43
activity#com.gmail.hyd.laexcellence.Pages.Exam
ADDED from src/main/AndroidManifest.xml:46:9-49:52
	android:screenOrientation
		ADDED from src/main/AndroidManifest.xml:49:13-49
	android:configChanges
		ADDED from src/main/AndroidManifest.xml:48:13-48
	android:name
		ADDED from src/main/AndroidManifest.xml:47:13-39
activity#com.gmail.hyd.laexcellence.Pages.Profile
ADDED from src/main/AndroidManifest.xml:50:9-53:52
	android:screenOrientation
		ADDED from src/main/AndroidManifest.xml:53:13-49
	android:configChanges
		ADDED from src/main/AndroidManifest.xml:52:13-48
	android:name
		ADDED from src/main/AndroidManifest.xml:51:13-42
activity#com.gmail.hyd.laexcellence.Pages.Preview
ADDED from src/main/AndroidManifest.xml:54:9-57:52
	android:screenOrientation
		ADDED from src/main/AndroidManifest.xml:57:13-49
	android:configChanges
		ADDED from src/main/AndroidManifest.xml:56:13-48
	android:name
		ADDED from src/main/AndroidManifest.xml:55:13-42
activity#com.gmail.hyd.laexcellence.Pages.Edit
ADDED from src/main/AndroidManifest.xml:58:9-61:52
	android:screenOrientation
		ADDED from src/main/AndroidManifest.xml:61:13-49
	android:configChanges
		ADDED from src/main/AndroidManifest.xml:60:13-48
	android:name
		ADDED from src/main/AndroidManifest.xml:59:13-39
activity#com.gmail.hyd.laexcellence.Pages.Handouts
ADDED from src/main/AndroidManifest.xml:62:9-65:52
	android:screenOrientation
		ADDED from src/main/AndroidManifest.xml:65:13-49
	android:configChanges
		ADDED from src/main/AndroidManifest.xml:64:13-48
	android:name
		ADDED from src/main/AndroidManifest.xml:63:13-43
activity#com.gmail.hyd.laexcellence.Pages.Downloads
ADDED from src/main/AndroidManifest.xml:66:9-69:52
	android:screenOrientation
		ADDED from src/main/AndroidManifest.xml:69:13-49
	android:configChanges
		ADDED from src/main/AndroidManifest.xml:68:13-48
	android:name
		ADDED from src/main/AndroidManifest.xml:67:13-44
activity#com.gmail.hyd.laexcellence.Pages.Schedules
ADDED from src/main/AndroidManifest.xml:70:9-73:52
	android:screenOrientation
		ADDED from src/main/AndroidManifest.xml:73:13-49
	android:configChanges
		ADDED from src/main/AndroidManifest.xml:72:13-48
	android:name
		ADDED from src/main/AndroidManifest.xml:71:13-44
activity#com.gmail.hyd.laexcellence.Pages.NoticeBoard
ADDED from src/main/AndroidManifest.xml:74:9-77:52
	android:screenOrientation
		ADDED from src/main/AndroidManifest.xml:77:13-49
	android:configChanges
		ADDED from src/main/AndroidManifest.xml:76:13-48
	android:name
		ADDED from src/main/AndroidManifest.xml:75:13-46
meta-data#instamojo.orderauth.url
ADDED from src/main/AndroidManifest.xml:79:9-81:64
	android:value
		ADDED from src/main/AndroidManifest.xml:81:13-61
	android:name
		ADDED from src/main/AndroidManifest.xml:80:13-51
activity#com.gmail.hyd.laexcellence.Pages.PaymentActivity
ADDED from src/main/AndroidManifest.xml:83:9-86:52
	android:screenOrientation
		ADDED from src/main/AndroidManifest.xml:86:13-49
	android:configChanges
		ADDED from src/main/AndroidManifest.xml:85:13-48
	android:name
		ADDED from src/main/AndroidManifest.xml:84:13-50
activity#com.gmail.hyd.laexcellence.Pages.RegisterActivity
ADDED from src/main/AndroidManifest.xml:87:9-90:52
	android:screenOrientation
		ADDED from src/main/AndroidManifest.xml:90:13-49
	android:configChanges
		ADDED from src/main/AndroidManifest.xml:89:13-48
	android:name
		ADDED from src/main/AndroidManifest.xml:88:13-51
activity#com.gmail.hyd.laexcellence.Pages.ProductActivity
ADDED from src/main/AndroidManifest.xml:91:9-94:52
	android:screenOrientation
		ADDED from src/main/AndroidManifest.xml:94:13-49
	android:configChanges
		ADDED from src/main/AndroidManifest.xml:93:13-48
	android:name
		ADDED from src/main/AndroidManifest.xml:92:13-50
activity#com.gmail.hyd.laexcellence.Pages.ForgotActivity
ADDED from src/main/AndroidManifest.xml:95:9-98:52
	android:screenOrientation
		ADDED from src/main/AndroidManifest.xml:98:13-49
	android:configChanges
		ADDED from src/main/AndroidManifest.xml:97:13-48
	android:name
		ADDED from src/main/AndroidManifest.xml:96:13-49
activity#com.gmail.hyd.laexcellence.Pages.NotificationActivity
ADDED from src/main/AndroidManifest.xml:99:9-102:52
	android:screenOrientation
		ADDED from src/main/AndroidManifest.xml:102:13-49
	android:configChanges
		ADDED from src/main/AndroidManifest.xml:101:13-48
	android:name
		ADDED from src/main/AndroidManifest.xml:100:13-55
activity#com.gmail.hyd.laexcellence.Pages.UserdoubtsActivity
ADDED from src/main/AndroidManifest.xml:103:9-106:52
	android:screenOrientation
		ADDED from src/main/AndroidManifest.xml:106:13-49
	android:configChanges
		ADDED from src/main/AndroidManifest.xml:105:13-48
	android:name
		ADDED from src/main/AndroidManifest.xml:104:13-53
activity#com.gmail.hyd.laexcellence.Pages.DoubtChatActivity
ADDED from src/main/AndroidManifest.xml:107:9-110:52
	android:screenOrientation
		ADDED from src/main/AndroidManifest.xml:110:13-49
	android:configChanges
		ADDED from src/main/AndroidManifest.xml:109:13-48
	android:name
		ADDED from src/main/AndroidManifest.xml:108:13-52
activity#com.gmail.hyd.laexcellence.Pages.WelcomeActivity
ADDED from src/main/AndroidManifest.xml:111:9-114:52
	android:screenOrientation
		ADDED from src/main/AndroidManifest.xml:114:13-49
	android:configChanges
		ADDED from src/main/AndroidManifest.xml:113:13-48
	android:name
		ADDED from src/main/AndroidManifest.xml:112:13-50
activity#com.gmail.hyd.laexcellence.Pages.AboutUsActivity
ADDED from src/main/AndroidManifest.xml:115:9-59
	android:name
		ADDED from src/main/AndroidManifest.xml:115:19-56
uses-sdk
INJECTED from src/main/AndroidManifest.xml reason: use-sdk injection requested
INJECTED from src/main/AndroidManifest.xml
INJECTED from src/main/AndroidManifest.xml
MERGED from [com.android.support:design:28.0.0] AndroidManifest.xml:20:5-44
MERGED from [com.android.support:design:28.0.0] AndroidManifest.xml:20:5-44
MERGED from [com.evrencoskun.library:tableview:0.8.5.1] AndroidManifest.xml:7:5-9:41
MERGED from [com.evrencoskun.library:tableview:0.8.5.1] AndroidManifest.xml:7:5-9:41
MERGED from [ai.devsupport.instamojo:instamojolib:0.1.6] AndroidManifest.xml:7:5-9:41
MERGED from [ai.devsupport.instamojo:instamojolib:0.1.6] AndroidManifest.xml:7:5-9:41
MERGED from [com.instamojo:android-sdk:1.2.6] AndroidManifest.xml:7:5-9:41
MERGED from [com.instamojo:android-sdk:1.2.6] AndroidManifest.xml:7:5-9:41
MERGED from [com.rengwuxian.materialedittext:library:2.1.4] AndroidManifest.xml:6:5-8:41
MERGED from [com.rengwuxian.materialedittext:library:2.1.4] AndroidManifest.xml:6:5-8:41
MERGED from [in.juspay:godel:0.6.18.1423] AndroidManifest.xml:5:5-7:41
MERGED from [in.juspay:godel:0.6.18.1423] AndroidManifest.xml:5:5-7:41
MERGED from [in.juspay:godel-osd:0.6.14] AndroidManifest.xml:5:5-7:41
MERGED from [in.juspay:godel-osd:0.6.14] AndroidManifest.xml:5:5-7:41
MERGED from [com.android.support:appcompat-v7:28.0.0] AndroidManifest.xml:20:5-44
MERGED from [com.android.support:appcompat-v7:28.0.0] AndroidManifest.xml:20:5-44
MERGED from [com.android.support.constraint:constraint-layout:1.1.3] AndroidManifest.xml:5:5-7:41
MERGED from [com.android.support.constraint:constraint-layout:1.1.3] AndroidManifest.xml:5:5-7:41
MERGED from [com.google.firebase:firebase-messaging:17.3.4] AndroidManifest.xml:20:5-44
MERGED from [com.google.firebase:firebase-messaging:17.3.4] AndroidManifest.xml:20:5-44
MERGED from [com.google.firebase:firebase-core:16.0.6] AndroidManifest.xml:5:5-44
MERGED from [com.google.firebase:firebase-core:16.0.6] AndroidManifest.xml:5:5-44
MERGED from [com.google.firebase:firebase-measurement-connector-impl:17.0.4] AndroidManifest.xml:20:5-44
MERGED from [com.google.firebase:firebase-measurement-connector-impl:17.0.4] AndroidManifest.xml:20:5-44
MERGED from [com.google.firebase:firebase-analytics:16.0.6] AndroidManifest.xml:20:5-44
MERGED from [com.google.firebase:firebase-analytics:16.0.6] AndroidManifest.xml:20:5-44
MERGED from [com.google.android.gms:play-services-measurement-api:16.0.4] AndroidManifest.xml:20:5-44
MERGED from [com.google.android.gms:play-services-measurement-api:16.0.4] AndroidManifest.xml:20:5-44
MERGED from [com.google.firebase:firebase-analytics-impl:16.2.4] AndroidManifest.xml:20:5-44
MERGED from [com.google.firebase:firebase-analytics-impl:16.2.4] AndroidManifest.xml:20:5-44
MERGED from [com.google.firebase:firebase-iid:17.0.4] AndroidManifest.xml:20:5-44
MERGED from [com.google.firebase:firebase-iid:17.0.4] AndroidManifest.xml:20:5-44
MERGED from [com.google.firebase:firebase-common:16.0.3] AndroidManifest.xml:5:5-7:41
MERGED from [com.google.firebase:firebase-common:16.0.3] AndroidManifest.xml:5:5-7:41
MERGED from [com.google.firebase:firebase-iid-interop:16.0.1] AndroidManifest.xml:5:5-44
MERGED from [com.google.firebase:firebase-iid-interop:16.0.1] AndroidManifest.xml:5:5-44
MERGED from [com.google.android.gms:play-services-base:16.0.1] AndroidManifest.xml:20:5-44
MERGED from [com.google.android.gms:play-services-base:16.0.1] AndroidManifest.xml:20:5-44
MERGED from [com.google.android.gms:play-services-tasks:16.0.1] AndroidManifest.xml:5:5-44
MERGED from [com.google.android.gms:play-services-tasks:16.0.1] AndroidManifest.xml:5:5-44
MERGED from [com.google.firebase:firebase-measurement-connector:17.0.1] AndroidManifest.xml:20:5-44
MERGED from [com.google.firebase:firebase-measurement-connector:17.0.1] AndroidManifest.xml:20:5-44
MERGED from [com.google.android.gms:play-services-stats:16.0.1] AndroidManifest.xml:5:5-44
MERGED from [com.google.android.gms:play-services-stats:16.0.1] AndroidManifest.xml:5:5-44
MERGED from [com.google.android.gms:play-services-measurement-base:16.0.5] AndroidManifest.xml:5:5-44
MERGED from [com.google.android.gms:play-services-measurement-base:16.0.5] AndroidManifest.xml:5:5-44
MERGED from [com.google.android.gms:play-services-ads-identifier:16.0.0] AndroidManifest.xml:20:5-44
MERGED from [com.google.android.gms:play-services-ads-identifier:16.0.0] AndroidManifest.xml:20:5-44
MERGED from [com.google.android.gms:play-services-basement:16.0.1] AndroidManifest.xml:20:5-44
MERGED from [com.google.android.gms:play-services-basement:16.0.1] AndroidManifest.xml:20:5-44
MERGED from [com.android.support:support-v4:28.0.0] AndroidManifest.xml:20:5-44
MERGED from [com.android.support:support-v4:28.0.0] AndroidManifest.xml:20:5-44
MERGED from [com.squareup.picasso:picasso:2.71828] AndroidManifest.xml:5:5-44
MERGED from [com.squareup.picasso:picasso:2.71828] AndroidManifest.xml:5:5-44
MERGED from [com.android.support:recyclerview-v7:28.0.0] AndroidManifest.xml:20:5-44
MERGED from [com.android.support:recyclerview-v7:28.0.0] AndroidManifest.xml:20:5-44
MERGED from [com.android.support:cardview-v7:28.0.0] AndroidManifest.xml:20:5-44
MERGED from [com.android.support:cardview-v7:28.0.0] AndroidManifest.xml:20:5-44
MERGED from [com.github.bumptech.glide:glide:4.8.0] AndroidManifest.xml:6:5-8:41
MERGED from [com.github.bumptech.glide:glide:4.8.0] AndroidManifest.xml:6:5-8:41
MERGED from [me.gujun.android.taggroup:library:1.4] AndroidManifest.xml:6:5-8:41
MERGED from [me.gujun.android.taggroup:library:1.4] AndroidManifest.xml:6:5-8:41
MERGED from [com.android.support:support-fragment:28.0.0] AndroidManifest.xml:20:5-44
MERGED from [com.android.support:support-fragment:28.0.0] AndroidManifest.xml:20:5-44
MERGED from [com.android.support:animated-vector-drawable:28.0.0] AndroidManifest.xml:20:5-44
MERGED from [com.android.support:animated-vector-drawable:28.0.0] AndroidManifest.xml:20:5-44
MERGED from [com.android.support:support-core-ui:28.0.0] AndroidManifest.xml:20:5-44
MERGED from [com.android.support:support-core-ui:28.0.0] AndroidManifest.xml:20:5-44
MERGED from [com.android.support:support-core-utils:28.0.0] AndroidManifest.xml:20:5-44
MERGED from [com.android.support:support-core-utils:28.0.0] AndroidManifest.xml:20:5-44
MERGED from [com.android.support:support-vector-drawable:28.0.0] AndroidManifest.xml:20:5-44
MERGED from [com.android.support:support-vector-drawable:28.0.0] AndroidManifest.xml:20:5-44
MERGED from [com.android.support:transition:28.0.0] AndroidManifest.xml:20:5-44
MERGED from [com.android.support:transition:28.0.0] AndroidManifest.xml:20:5-44
MERGED from [com.android.support:support-media-compat:28.0.0] AndroidManifest.xml:20:5-44
MERGED from [com.android.support:support-media-compat:28.0.0] AndroidManifest.xml:20:5-44
MERGED from [com.android.support:loader:28.0.0] AndroidManifest.xml:20:5-44
MERGED from [com.android.support:loader:28.0.0] AndroidManifest.xml:20:5-44
MERGED from [com.android.support:viewpager:28.0.0] AndroidManifest.xml:20:5-44
MERGED from [com.android.support:viewpager:28.0.0] AndroidManifest.xml:20:5-44
MERGED from [com.android.support:coordinatorlayout:28.0.0] AndroidManifest.xml:20:5-44
MERGED from [com.android.support:coordinatorlayout:28.0.0] AndroidManifest.xml:20:5-44
MERGED from [com.android.support:drawerlayout:28.0.0] AndroidManifest.xml:20:5-44
MERGED from [com.android.support:drawerlayout:28.0.0] AndroidManifest.xml:20:5-44